{"/home/tahtawy/my-projects/NY-times-articles/postcss.config.cjs": {"path":"/home/tahtawy/my-projects/NY-times-articles/postcss.config.cjs","statementMap":{"0":{"start":{"line":3,"column":0},"end":{"line":29,"column":2}}},"fnMap":{},"branchMap":{},"s":{"0":0},"f":{},"b":{}}
,"/home/tahtawy/my-projects/NY-times-articles/stylelint.config.cjs": {"path":"/home/tahtawy/my-projects/NY-times-articles/stylelint.config.cjs","statementMap":{"0":{"start":{"line":2,"column":0},"end":{"line":40,"column":2}}},"fnMap":{},"branchMap":{},"s":{"0":0},"f":{},"b":{}}
,"/home/tahtawy/my-projects/NY-times-articles/src/ReactQueryProvider.tsx": {"path":"/home/tahtawy/my-projects/NY-times-articles/src/ReactQueryProvider.tsx","statementMap":{"0":{"start":{"line":9,"column":20},"end":{"line":9,"column":null}},"1":{"start":{"line":11,"column":57},"end":{"line":15,"column":null}},"2":{"start":{"line":12,"column":2},"end":{"line":13,"column":null}}},"fnMap":{"0":{"name":"(anonymous_0)","decl":{"start":{"line":11,"column":57},"end":{"line":11,"column":58}},"loc":{"start":{"line":11,"column":75},"end":{"line":15,"column":null}}}},"branchMap":{},"s":{"0":0,"1":0,"2":0},"f":{"0":0},"b":{}}
,"/home/tahtawy/my-projects/NY-times-articles/src/main.tsx": {"path":"/home/tahtawy/my-projects/NY-times-articles/src/main.tsx","statementMap":{"0":{"start":{"line":10,"column":0},"end":{"line":16,"column":null}}},"fnMap":{},"branchMap":{},"s":{"0":0},"f":{},"b":{}}
,"/home/tahtawy/my-projects/NY-times-articles/src/router.tsx": {"path":"/home/tahtawy/my-projects/NY-times-articles/src/router.tsx","statementMap":{"0":{"start":{"line":8,"column":22},"end":{"line":14,"column":null}}},"fnMap":{},"branchMap":{},"s":{"0":0},"f":{},"b":{}}
,"/home/tahtawy/my-projects/NY-times-articles/src/features/articles/routes.tsx": {"path":"/home/tahtawy/my-projects/NY-times-articles/src/features/articles/routes.tsx","statementMap":{"0":{"start":{"line":4,"column":29},"end":{"line":13,"column":null}}},"fnMap":{},"branchMap":{},"s":{"0":0},"f":{},"b":{}}
,"/home/tahtawy/my-projects/NY-times-articles/src/features/articles/components/ArticleCard/index.tsx": {"path":"/home/tahtawy/my-projects/NY-times-articles/src/features/articles/components/ArticleCard/index.tsx","statementMap":{"0":{"start":{"line":13,"column":43},"end":{"line":41,"column":null}},"1":{"start":{"line":14,"column":30},"end":{"line":14,"column":null}},"2":{"start":{"line":16,"column":2},"end":{"line":24,"column":null}},"3":{"start":{"line":17,"column":4},"end":{"line":23,"column":null}},"4":{"start":{"line":22,"column":6},"end":{"line":22,"column":null}},"5":{"start":{"line":26,"column":2},"end":{"line":39,"column":null}}},"fnMap":{"0":{"name":"(anonymous_0)","decl":{"start":{"line":13,"column":43},"end":{"line":13,"column":44}},"loc":{"start":{"line":13,"column":60},"end":{"line":41,"column":null}}},"1":{"name":"(anonymous_1)","decl":{"start":{"line":16,"column":12},"end":{"line":16,"column":18}},"loc":{"start":{"line":16,"column":18},"end":{"line":24,"column":5}}}},"branchMap":{"0":{"loc":{"start":{"line":17,"column":4},"end":{"line":23,"column":null}},"type":"if","locations":[{"start":{"line":17,"column":4},"end":{"line":23,"column":null}},{"start":{"line":17,"column":4},"end":{"line":23,"column":null}}]},"1":{"loc":{"start":{"line":18,"column":6},"end":{"line":20,"column":null}},"type":"binary-expr","locations":[{"start":{"line":18,"column":6},"end":{"line":18,"column":null}},{"start":{"line":19,"column":6},"end":{"line":19,"column":null}},{"start":{"line":20,"column":6},"end":{"line":20,"column":null}}]}},"s":{"0":0,"1":0,"2":0,"3":0,"4":0,"5":0},"f":{"0":0,"1":0},"b":{"0":[0,0],"1":[0,0,0]}}
,"/home/tahtawy/my-projects/NY-times-articles/src/features/articles/components/ArticleDate/index.tsx": {"path":"/home/tahtawy/my-projects/NY-times-articles/src/features/articles/components/ArticleDate/index.tsx","statementMap":{"0":{"start":{"line":9,"column":43},"end":{"line":11,"column":null}},"1":{"start":{"line":10,"column":2},"end":{"line":10,"column":null}}},"fnMap":{"0":{"name":"(anonymous_0)","decl":{"start":{"line":9,"column":43},"end":{"line":9,"column":44}},"loc":{"start":{"line":9,"column":57},"end":{"line":11,"column":null}}}},"branchMap":{},"s":{"0":0,"1":0},"f":{"0":0},"b":{}}
,"/home/tahtawy/my-projects/NY-times-articles/src/features/articles/components/ArticleDetails/index.tsx": {"path":"/home/tahtawy/my-projects/NY-times-articles/src/features/articles/components/ArticleDetails/index.tsx","statementMap":{"0":{"start":{"line":17,"column":56},"end":{"line":67,"column":null}},"1":{"start":{"line":18,"column":18},"end":{"line":18,"column":null}},"2":{"start":{"line":19,"column":30},"end":{"line":19,"column":null}},"3":{"start":{"line":21,"column":2},"end":{"line":23,"column":null}},"4":{"start":{"line":22,"column":4},"end":{"line":22,"column":null}},"5":{"start":{"line":25,"column":19},"end":{"line":28,"column":null}},"6":{"start":{"line":27,"column":6},"end":{"line":27,"column":null}},"7":{"start":{"line":30,"column":2},"end":{"line":65,"column":null}}},"fnMap":{"0":{"name":"(anonymous_0)","decl":{"start":{"line":17,"column":56},"end":{"line":17,"column":62}},"loc":{"start":{"line":17,"column":62},"end":{"line":67,"column":null}}},"1":{"name":"(anonymous_1)","decl":{"start":{"line":26,"column":4},"end":{"line":26,"column":5}},"loc":{"start":{"line":27,"column":6},"end":{"line":27,"column":null}}}},"branchMap":{"0":{"loc":{"start":{"line":19,"column":48},"end":{"line":19,"column":57}},"type":"binary-expr","locations":[{"start":{"line":19,"column":48},"end":{"line":19,"column":55}},{"start":{"line":19,"column":55},"end":{"line":19,"column":57}}]},"1":{"loc":{"start":{"line":21,"column":2},"end":{"line":23,"column":null}},"type":"if","locations":[{"start":{"line":21,"column":2},"end":{"line":23,"column":null}},{"start":{"line":21,"column":2},"end":{"line":23,"column":null}}]},"2":{"loc":{"start":{"line":27,"column":6},"end":{"line":27,"column":null}},"type":"binary-expr","locations":[{"start":{"line":27,"column":6},"end":{"line":27,"column":39}},{"start":{"line":27,"column":39},"end":{"line":27,"column":null}}]},"3":{"loc":{"start":{"line":46,"column":15},"end":{"line":46,"column":null}},"type":"binary-expr","locations":[{"start":{"line":46,"column":15},"end":{"line":46,"column":53}},{"start":{"line":46,"column":53},"end":{"line":46,"column":null}}]}},"s":{"0":0,"1":0,"2":0,"3":0,"4":0,"5":0,"6":0,"7":0},"f":{"0":0,"1":0},"b":{"0":[0,0],"1":[0,0],"2":[0,0],"3":[0,0]}}
,"/home/tahtawy/my-projects/NY-times-articles/src/features/articles/components/ArticleList/index.tsx": {"path":"/home/tahtawy/my-projects/NY-times-articles/src/features/articles/components/ArticleList/index.tsx","statementMap":{"0":{"start":{"line":8,"column":24},"end":{"line":27,"column":null}},"1":{"start":{"line":9,"column":30},"end":{"line":9,"column":null}},"2":{"start":{"line":11,"column":2},"end":{"line":13,"column":null}},"3":{"start":{"line":12,"column":4},"end":{"line":12,"column":null}},"4":{"start":{"line":15,"column":2},"end":{"line":25,"column":null}},"5":{"start":{"line":22,"column":10},"end":{"line":22,"column":null}}},"fnMap":{"0":{"name":"(anonymous_0)","decl":{"start":{"line":8,"column":24},"end":{"line":8,"column":30}},"loc":{"start":{"line":8,"column":30},"end":{"line":27,"column":null}}},"1":{"name":"(anonymous_1)","decl":{"start":{"line":21,"column":28},"end":{"line":21,"column":29}},"loc":{"start":{"line":22,"column":10},"end":{"line":22,"column":null}}}},"branchMap":{"0":{"loc":{"start":{"line":11,"column":2},"end":{"line":13,"column":null}},"type":"if","locations":[{"start":{"line":11,"column":2},"end":{"line":13,"column":null}},{"start":{"line":11,"column":2},"end":{"line":13,"column":null}}]}},"s":{"0":0,"1":0,"2":0,"3":0,"4":0,"5":0},"f":{"0":0,"1":0},"b":{"0":[0,0]}}
,"/home/tahtawy/my-projects/NY-times-articles/src/features/articles/hooks/useArticelDetails.ts": {"path":"/home/tahtawy/my-projects/NY-times-articles/src/features/articles/hooks/useArticelDetails.ts","statementMap":{"0":{"start":{"line":7,"column":33},"end":{"line":15,"column":null}},"1":{"start":{"line":8,"column":2},"end":{"line":14,"column":null}},"2":{"start":{"line":11,"column":23},"end":{"line":11,"column":null}},"3":{"start":{"line":12,"column":6},"end":{"line":12,"column":null}}},"fnMap":{"0":{"name":"(anonymous_0)","decl":{"start":{"line":7,"column":33},"end":{"line":7,"column":34}},"loc":{"start":{"line":7,"column":50},"end":{"line":15,"column":null}}},"1":{"name":"(anonymous_1)","decl":{"start":{"line":10,"column":13},"end":{"line":10,"column":25}},"loc":{"start":{"line":10,"column":25},"end":{"line":13,"column":null}}}},"branchMap":{},"s":{"0":0,"1":0,"2":0,"3":0},"f":{"0":0,"1":0},"b":{}}
,"/home/tahtawy/my-projects/NY-times-articles/src/features/articles/hooks/usePopularArticles.ts": {"path":"/home/tahtawy/my-projects/NY-times-articles/src/features/articles/hooks/usePopularArticles.ts","statementMap":{"0":{"start":{"line":7,"column":34},"end":{"line":15,"column":null}},"1":{"start":{"line":8,"column":2},"end":{"line":14,"column":null}},"2":{"start":{"line":11,"column":23},"end":{"line":11,"column":null}},"3":{"start":{"line":12,"column":6},"end":{"line":12,"column":null}}},"fnMap":{"0":{"name":"(anonymous_0)","decl":{"start":{"line":7,"column":34},"end":{"line":7,"column":40}},"loc":{"start":{"line":7,"column":40},"end":{"line":15,"column":null}}},"1":{"name":"(anonymous_1)","decl":{"start":{"line":10,"column":13},"end":{"line":10,"column":25}},"loc":{"start":{"line":10,"column":25},"end":{"line":13,"column":null}}}},"branchMap":{},"s":{"0":0,"1":0,"2":0,"3":0},"f":{"0":0,"1":0},"b":{}}
,"/home/tahtawy/my-projects/NY-times-articles/src/helpers/date.utils.ts": {"path":"/home/tahtawy/my-projects/NY-times-articles/src/helpers/date.utils.ts","statementMap":{"0":{"start":{"line":1,"column":26},"end":{"line":22,"column":null}},"1":{"start":{"line":2,"column":2},"end":{"line":21,"column":null}},"2":{"start":{"line":3,"column":17},"end":{"line":3,"column":null}},"3":{"start":{"line":4,"column":4},"end":{"line":6,"column":null}},"4":{"start":{"line":5,"column":6},"end":{"line":5,"column":null}},"5":{"start":{"line":7,"column":48},"end":{"line":11,"column":null}},"6":{"start":{"line":12,"column":4},"end":{"line":12,"column":null}},"7":{"start":{"line":15,"column":4},"end":{"line":20,"column":null}},"8":{"start":{"line":16,"column":6},"end":{"line":16,"column":null}},"9":{"start":{"line":18,"column":6},"end":{"line":18,"column":null}},"10":{"start":{"line":19,"column":6},"end":{"line":19,"column":null}}},"fnMap":{"0":{"name":"(anonymous_0)","decl":{"start":{"line":1,"column":26},"end":{"line":1,"column":27}},"loc":{"start":{"line":1,"column":75},"end":{"line":22,"column":null}}}},"branchMap":{"0":{"loc":{"start":{"line":1,"column":46},"end":{"line":1,"column":75}},"type":"default-arg","locations":[{"start":{"line":1,"column":55},"end":{"line":1,"column":75}}]},"1":{"loc":{"start":{"line":4,"column":4},"end":{"line":6,"column":null}},"type":"if","locations":[{"start":{"line":4,"column":4},"end":{"line":6,"column":null}},{"start":{"line":4,"column":4},"end":{"line":6,"column":null}}]},"2":{"loc":{"start":{"line":15,"column":4},"end":{"line":20,"column":null}},"type":"if","locations":[{"start":{"line":15,"column":4},"end":{"line":20,"column":null}},{"start":{"line":17,"column":11},"end":{"line":20,"column":null}}]}},"s":{"0":1,"1":7,"2":7,"3":7,"4":1,"5":6,"6":6,"7":1,"8":1,"9":0,"10":0},"f":{"0":7},"b":{"0":[4],"1":[1,6],"2":[1,0]}}
,"/home/tahtawy/my-projects/NY-times-articles/src/helpers/test-utils.tsx": {"path":"/home/tahtawy/my-projects/NY-times-articles/src/helpers/test-utils.tsx","statementMap":{"0":{"start":{"line":9,"column":24},"end":{"line":11,"column":null}},"1":{"start":{"line":10,"column":2},"end":{"line":10,"column":null}},"2":{"start":{"line":13,"column":21},"end":{"line":16,"column":null}},"3":{"start":{"line":16,"column":5},"end":{"line":16,"column":null}}},"fnMap":{"0":{"name":"(anonymous_0)","decl":{"start":{"line":9,"column":24},"end":{"line":9,"column":25}},"loc":{"start":{"line":9,"column":64},"end":{"line":11,"column":null}}},"1":{"name":"(anonymous_1)","decl":{"start":{"line":13,"column":21},"end":{"line":13,"column":null}},"loc":{"start":{"line":16,"column":5},"end":{"line":16,"column":null}}}},"branchMap":{},"s":{"0":0,"1":0,"2":0,"3":0},"f":{"0":0,"1":0},"b":{}}
,"/home/tahtawy/my-projects/NY-times-articles/src/shared/apis/api.ts": {"path":"/home/tahtawy/my-projects/NY-times-articles/src/shared/apis/api.ts","statementMap":{"0":{"start":{"line":10,"column":23},"end":{"line":10,"column":null}},"1":{"start":{"line":12,"column":20},"end":{"line":14,"column":null}},"2":{"start":{"line":16,"column":22},"end":{"line":16,"column":null}},"3":{"start":{"line":18,"column":17},"end":{"line":20,"column":null}},"4":{"start":{"line":19,"column":2},"end":{"line":19,"column":null}},"5":{"start":{"line":22,"column":24},"end":{"line":22,"column":null}},"6":{"start":{"line":22,"column":30},"end":{"line":22,"column":null}},"7":{"start":{"line":24,"column":26},"end":{"line":26,"column":null}},"8":{"start":{"line":25,"column":2},"end":{"line":25,"column":null}},"9":{"start":{"line":28,"column":18},"end":{"line":60,"column":null}},"10":{"start":{"line":29,"column":33},"end":{"line":57,"column":null}},"11":{"start":{"line":30,"column":27},"end":{"line":30,"column":null}},"12":{"start":{"line":32,"column":33},"end":{"line":32,"column":null}},"13":{"start":{"line":34,"column":4},"end":{"line":38,"column":null}},"14":{"start":{"line":35,"column":32},"end":{"line":35,"column":null}},"15":{"start":{"line":36,"column":6},"end":{"line":36,"column":null}},"16":{"start":{"line":37,"column":6},"end":{"line":37,"column":null}},"17":{"start":{"line":40,"column":4},"end":{"line":56,"column":null}},"18":{"start":{"line":41,"column":6},"end":{"line":47,"column":null}},"19":{"start":{"line":42,"column":28},"end":{"line":42,"column":null}},"20":{"start":{"line":43,"column":8},"end":{"line":43,"column":null}},"21":{"start":{"line":45,"column":22},"end":{"line":45,"column":null}},"22":{"start":{"line":46,"column":8},"end":{"line":46,"column":null}},"23":{"start":{"line":49,"column":6},"end":{"line":49,"column":null}},"24":{"start":{"line":51,"column":6},"end":{"line":53,"column":null}},"25":{"start":{"line":52,"column":8},"end":{"line":52,"column":null}},"26":{"start":{"line":55,"column":6},"end":{"line":55,"column":null}},"27":{"start":{"line":59,"column":2},"end":{"line":59,"column":null}},"28":{"start":{"line":62,"column":12},"end":{"line":79,"column":null}},"29":{"start":{"line":63,"column":2},"end":{"line":78,"column":null}},"30":{"start":{"line":65,"column":6},"end":{"line":65,"column":null}},"31":{"start":{"line":68,"column":6},"end":{"line":68,"column":null}},"32":{"start":{"line":71,"column":6},"end":{"line":71,"column":null}},"33":{"start":{"line":74,"column":6},"end":{"line":74,"column":null}},"34":{"start":{"line":77,"column":6},"end":{"line":77,"column":null}}},"fnMap":{"0":{"name":"(anonymous_0)","decl":{"start":{"line":18,"column":17},"end":{"line":18,"column":18}},"loc":{"start":{"line":18,"column":77},"end":{"line":20,"column":null}}},"1":{"name":"(anonymous_1)","decl":{"start":{"line":22,"column":24},"end":{"line":22,"column":30}},"loc":{"start":{"line":22,"column":30},"end":{"line":22,"column":null}}},"2":{"name":"(anonymous_2)","decl":{"start":{"line":24,"column":26},"end":{"line":24,"column":27}},"loc":{"start":{"line":24,"column":65},"end":{"line":26,"column":null}}},"3":{"name":"(anonymous_3)","decl":{"start":{"line":28,"column":18},"end":{"line":28,"column":22}},"loc":{"start":{"line":28,"column":46},"end":{"line":60,"column":null}}},"4":{"name":"(anonymous_4)","decl":{"start":{"line":29,"column":33},"end":{"line":29,"column":43}},"loc":{"start":{"line":29,"column":68},"end":{"line":57,"column":null}}},"5":{"name":"(anonymous_5)","decl":{"start":{"line":62,"column":12},"end":{"line":62,"column":13}},"loc":{"start":{"line":62,"column":38},"end":{"line":79,"column":null}}},"6":{"name":"(anonymous_6)","decl":{"start":{"line":64,"column":9},"end":{"line":64,"column":13}},"loc":{"start":{"line":65,"column":6},"end":{"line":65,"column":null}}},"7":{"name":"(anonymous_7)","decl":{"start":{"line":67,"column":12},"end":{"line":67,"column":16}},"loc":{"start":{"line":68,"column":6},"end":{"line":68,"column":null}}},"8":{"name":"(anonymous_8)","decl":{"start":{"line":70,"column":10},"end":{"line":70,"column":14}},"loc":{"start":{"line":71,"column":6},"end":{"line":71,"column":null}}},"9":{"name":"(anonymous_9)","decl":{"start":{"line":73,"column":11},"end":{"line":73,"column":15}},"loc":{"start":{"line":74,"column":6},"end":{"line":74,"column":null}}},"10":{"name":"(anonymous_10)","decl":{"start":{"line":76,"column":9},"end":{"line":76,"column":13}},"loc":{"start":{"line":77,"column":6},"end":{"line":77,"column":null}}}},"branchMap":{"0":{"loc":{"start":{"line":34,"column":4},"end":{"line":38,"column":null}},"type":"if","locations":[{"start":{"line":34,"column":4},"end":{"line":38,"column":null}},{"start":{"line":34,"column":4},"end":{"line":38,"column":null}}]},"1":{"loc":{"start":{"line":41,"column":6},"end":{"line":47,"column":null}},"type":"if","locations":[{"start":{"line":41,"column":6},"end":{"line":47,"column":null}},{"start":{"line":44,"column":13},"end":{"line":47,"column":null}}]},"2":{"loc":{"start":{"line":51,"column":6},"end":{"line":53,"column":null}},"type":"if","locations":[{"start":{"line":51,"column":6},"end":{"line":53,"column":null}},{"start":{"line":51,"column":6},"end":{"line":53,"column":null}}]},"3":{"loc":{"start":{"line":64,"column":26},"end":{"line":64,"column":null}},"type":"default-arg","locations":[{"start":{"line":64,"column":53},"end":{"line":64,"column":null}}]},"4":{"loc":{"start":{"line":67,"column":29},"end":{"line":67,"column":null}},"type":"default-arg","locations":[{"start":{"line":67,"column":56},"end":{"line":67,"column":null}}]},"5":{"loc":{"start":{"line":70,"column":42},"end":{"line":70,"column":null}},"type":"default-arg","locations":[{"start":{"line":70,"column":69},"end":{"line":70,"column":null}}]},"6":{"loc":{"start":{"line":73,"column":43},"end":{"line":73,"column":null}},"type":"default-arg","locations":[{"start":{"line":73,"column":70},"end":{"line":73,"column":null}}]},"7":{"loc":{"start":{"line":76,"column":41},"end":{"line":76,"column":null}},"type":"default-arg","locations":[{"start":{"line":76,"column":68},"end":{"line":76,"column":null}}]}},"s":{"0":0,"1":0,"2":0,"3":0,"4":0,"5":0,"6":0,"7":0,"8":0,"9":0,"10":0,"11":0,"12":0,"13":0,"14":0,"15":0,"16":0,"17":0,"18":0,"19":0,"20":0,"21":0,"22":0,"23":0,"24":0,"25":0,"26":0,"27":0,"28":0,"29":0,"30":0,"31":0,"32":0,"33":0,"34":0},"f":{"0":0,"1":0,"2":0,"3":0,"4":0,"5":0,"6":0,"7":0,"8":0,"9":0,"10":0},"b":{"0":[0,0],"1":[0,0],"2":[0,0],"3":[0],"4":[0],"5":[0],"6":[0],"7":[0]}}
,"/home/tahtawy/my-projects/NY-times-articles/src/shared/apis/fetchArticleDetails.api.ts": {"path":"/home/tahtawy/my-projects/NY-times-articles/src/shared/apis/fetchArticleDetails.api.ts","statementMap":{"0":{"start":{"line":18,"column":37},"end":{"line":24,"column":null}},"1":{"start":{"line":21,"column":2},"end":{"line":23,"column":null}}},"fnMap":{"0":{"name":"(anonymous_0)","decl":{"start":{"line":18,"column":37},"end":{"line":18,"column":null}},"loc":{"start":{"line":20,"column":44},"end":{"line":24,"column":null}}}},"branchMap":{},"s":{"0":0,"1":0},"f":{"0":0},"b":{}}
,"/home/tahtawy/my-projects/NY-times-articles/src/shared/apis/fetchArticles.api.ts": {"path":"/home/tahtawy/my-projects/NY-times-articles/src/shared/apis/fetchArticles.api.ts","statementMap":{"0":{"start":{"line":14,"column":2},"end":{"line":16,"column":null}},"1":{"start":{"line":15,"column":4},"end":{"line":15,"column":null}}},"fnMap":{"0":{"name":"(anonymous_0)","decl":{"start":{"line":14,"column":2},"end":{"line":14,"column":52}},"loc":{"start":{"line":14,"column":52},"end":{"line":16,"column":null}}}},"branchMap":{},"s":{"0":0,"1":0},"f":{"0":0},"b":{}}
,"/home/tahtawy/my-projects/NY-times-articles/src/shared/components/ArticleAuthor/index.tsx": {"path":"/home/tahtawy/my-projects/NY-times-articles/src/shared/components/ArticleAuthor/index.tsx","statementMap":{"0":{"start":{"line":7,"column":47},"end":{"line":20,"column":null}},"1":{"start":{"line":8,"column":2},"end":{"line":18,"column":null}},"2":{"start":{"line":11,"column":8},"end":{"line":16,"column":null}}},"fnMap":{"0":{"name":"(anonymous_0)","decl":{"start":{"line":7,"column":47},"end":{"line":7,"column":48}},"loc":{"start":{"line":7,"column":64},"end":{"line":20,"column":null}}},"1":{"name":"(anonymous_1)","decl":{"start":{"line":10,"column":32},"end":{"line":10,"column":33}},"loc":{"start":{"line":11,"column":8},"end":{"line":16,"column":null}}}},"branchMap":{"0":{"loc":{"start":{"line":15,"column":11},"end":{"line":15,"column":null}},"type":"binary-expr","locations":[{"start":{"line":15,"column":11},"end":{"line":15,"column":54}},{"start":{"line":15,"column":54},"end":{"line":15,"column":null}}]}},"s":{"0":1,"1":3,"2":3},"f":{"0":3,"1":3},"b":{"0":[3,1]}}
,"/home/tahtawy/my-projects/NY-times-articles/src/shared/components/ArticleImage/index.tsx": {"path":"/home/tahtawy/my-projects/NY-times-articles/src/shared/components/ArticleImage/index.tsx","statementMap":{"0":{"start":{"line":12,"column":52},"end":{"line":26,"column":null}},"1":{"start":{"line":19,"column":2},"end":{"line":24,"column":null}}},"fnMap":{"0":{"name":"(anonymous_0)","decl":{"start":{"line":12,"column":52},"end":{"line":12,"column":53}},"loc":{"start":{"line":18,"column":6},"end":{"line":26,"column":null}}}},"branchMap":{"0":{"loc":{"start":{"line":15,"column":2},"end":{"line":15,"column":null}},"type":"default-arg","locations":[{"start":{"line":15,"column":12},"end":{"line":15,"column":null}}]},"1":{"loc":{"start":{"line":21,"column":11},"end":{"line":21,"column":null}},"type":"binary-expr","locations":[{"start":{"line":21,"column":11},"end":{"line":21,"column":45}},{"start":{"line":21,"column":45},"end":{"line":21,"column":null}}]},"2":{"loc":{"start":{"line":21,"column":14},"end":{"line":21,"column":27}},"type":"binary-expr","locations":[{"start":{"line":21,"column":14},"end":{"line":21,"column":25}},{"start":{"line":21,"column":25},"end":{"line":21,"column":27}}]},"3":{"loc":{"start":{"line":21,"column":30},"end":{"line":21,"column":39}},"type":"binary-expr","locations":[{"start":{"line":21,"column":30},"end":{"line":21,"column":37}},{"start":{"line":21,"column":37},"end":{"line":21,"column":39}}]}},"s":{"0":1,"1":4},"f":{"0":4},"b":{"0":[3],"1":[4,1],"2":[4,3],"3":[4,1]}}
,"/home/tahtawy/my-projects/NY-times-articles/src/shared/components/Layout/index.tsx": {"path":"/home/tahtawy/my-projects/NY-times-articles/src/shared/components/Layout/index.tsx","statementMap":{"0":{"start":{"line":7,"column":19},"end":{"line":28,"column":null}},"1":{"start":{"line":8,"column":2},"end":{"line":26,"column":null}}},"fnMap":{"0":{"name":"(anonymous_0)","decl":{"start":{"line":7,"column":19},"end":{"line":7,"column":25}},"loc":{"start":{"line":7,"column":25},"end":{"line":28,"column":null}}}},"branchMap":{},"s":{"0":0,"1":0},"f":{"0":0},"b":{}}
,"/home/tahtawy/my-projects/NY-times-articles/src/shared/components/Loader/index.tsx": {"path":"/home/tahtawy/my-projects/NY-times-articles/src/shared/components/Loader/index.tsx","statementMap":{"0":{"start":{"line":1,"column":15},"end":{"line":26,"column":null}},"1":{"start":{"line":2,"column":2},"end":{"line":24,"column":null}}},"fnMap":{"0":{"name":"(anonymous_0)","decl":{"start":{"line":1,"column":15},"end":{"line":1,"column":21}},"loc":{"start":{"line":1,"column":21},"end":{"line":26,"column":null}}}},"branchMap":{},"s":{"0":0,"1":0},"f":{"0":0},"b":{}}
}
